<?xml version="1.0" encoding="UTF-8"?>
<TestRun id="5f1c2ec0-724d-4a9c-8d80-23c0cc5d6676" name="panahr@QHSW20363 2012-02-29 11:07:02" runUser="B2B\panahr" xmlns="http://microsoft.com/schemas/VisualStudio/TeamTest/2010">
  <TestSettings name="Local" id="6e919be3-b349-4f4d-a205-06b636a09382">
    <Description>These are default test settings for a local test run.</Description>
    <Deployment enabled="false" runDeploymentRoot="panahr_QHSW20363 2012-02-29 11_07_02">
      <DeploymentItem filename="C:\KataRomanNumerals\KataRomanNumerals\KataRomanNumerals.Library\bin\Debug\KataRomanNumerals.Library.dll" />
    </Deployment>
    <Execution>
      <TestTypeSpecific />
      <AgentRule name="Execution Agents">
      </AgentRule>
    </Execution>
  </TestSettings>
  <Times creation="2012-02-29T11:07:02.1119933+00:00" queuing="2012-02-29T11:07:02.1669988+00:00" start="2012-02-29T11:07:02.3710192+00:00" finish="2012-02-29T11:07:03.3561177+00:00" />
  <ResultSummary outcome="Failed">
    <Counters total="10" executed="10" passed="9" error="0" failed="1" timeout="0" aborted="0" inconclusive="0" passedButRunAborted="0" notRunnable="0" notExecuted="0" disconnected="0" warning="0" completed="0" inProgress="0" pending="0" />
  </ResultSummary>
  <TestDefinitions>
    <UnitTest name="NumberToRomanConvertor_Returns_IV_For_4" storage="c:\kataromannumerals\kataromannumerals\kataromannumerals.test\bin\debug\kataromannumerals.test.dll" id="79ea984a-0e3a-0859-5266-9264b8474cf3">
      <Execution id="1b360cc8-8674-44bf-a70a-8146f72d7bc4" />
      <TestMethod codeBase="C:/KataRomanNumerals/KataRomanNumerals/KataRomanNumerals.Test/bin/Debug/KataRomanNumerals.Test.DLL" adapterTypeName="Microsoft.VisualStudio.TestTools.TestTypes.Unit.UnitTestAdapter, Microsoft.VisualStudio.QualityTools.Tips.UnitTest.Adapter, Version=10.0.0.0, Culture=neutral, PublicKeyToken=b03f5f7f11d50a3a" className="KataRomanNumerals.Test.NumberToRomanConvertorTests, KataRomanNumerals.Test, Version=1.0.0.0, Culture=neutral, PublicKeyToken=null" name="NumberToRomanConvertor_Returns_IV_For_4" />
    </UnitTest>
    <UnitTest name="NumberToRomanConvertor_Returns_XLIX_For_49" storage="c:\kataromannumerals\kataromannumerals\kataromannumerals.test\bin\debug\kataromannumerals.test.dll" id="50a9aee8-397e-35c2-732d-07cdb9b985e9">
      <Execution id="953fd0b3-5553-4e2d-9a29-676397aa64bb" />
      <TestMethod codeBase="C:/KataRomanNumerals/KataRomanNumerals/KataRomanNumerals.Test/bin/Debug/KataRomanNumerals.Test.DLL" adapterTypeName="Microsoft.VisualStudio.TestTools.TestTypes.Unit.UnitTestAdapter, Microsoft.VisualStudio.QualityTools.Tips.UnitTest.Adapter, Version=10.0.0.0, Culture=neutral, PublicKeyToken=b03f5f7f11d50a3a" className="KataRomanNumerals.Test.NumberToRomanConvertorTests, KataRomanNumerals.Test, Version=1.0.0.0, Culture=neutral, PublicKeyToken=null" name="NumberToRomanConvertor_Returns_XLIX_For_49" />
    </UnitTest>
    <UnitTest name="NumberToRomanConvertor_Returns_MCMXCIX_For_1999" storage="c:\kataromannumerals\kataromannumerals\kataromannumerals.test\bin\debug\kataromannumerals.test.dll" id="ff27711d-6319-d11b-1c21-a93d513815ca">
      <Execution id="b24117bd-6c5b-4918-ba26-4f8d31d659ca" />
      <TestMethod codeBase="C:/KataRomanNumerals/KataRomanNumerals/KataRomanNumerals.Test/bin/Debug/KataRomanNumerals.Test.DLL" adapterTypeName="Microsoft.VisualStudio.TestTools.TestTypes.Unit.UnitTestAdapter, Microsoft.VisualStudio.QualityTools.Tips.UnitTest.Adapter, Version=10.0.0.0, Culture=neutral, PublicKeyToken=b03f5f7f11d50a3a" className="KataRomanNumerals.Test.NumberToRomanConvertorTests, KataRomanNumerals.Test, Version=1.0.0.0, Culture=neutral, PublicKeyToken=null" name="NumberToRomanConvertor_Returns_MCMXCIX_For_1999" />
    </UnitTest>
    <UnitTest name="NumberToRomanConvertor_Handles_Normally_Calculated_Numbers_Up_To_8" storage="c:\kataromannumerals\kataromannumerals\kataromannumerals.test\bin\debug\kataromannumerals.test.dll" id="a5c7d76b-e83a-db86-0d3a-5862beff8f69">
      <Execution id="b54b227c-d81a-4470-a6ce-b5e89cc710ff" />
      <TestMethod codeBase="C:/KataRomanNumerals/KataRomanNumerals/KataRomanNumerals.Test/bin/Debug/KataRomanNumerals.Test.DLL" adapterTypeName="Microsoft.VisualStudio.TestTools.TestTypes.Unit.UnitTestAdapter, Microsoft.VisualStudio.QualityTools.Tips.UnitTest.Adapter, Version=10.0.0.0, Culture=neutral, PublicKeyToken=b03f5f7f11d50a3a" className="KataRomanNumerals.Test.NumberToRomanConvertorTests, KataRomanNumerals.Test, Version=1.0.0.0, Culture=neutral, PublicKeyToken=null" name="NumberToRomanConvertor_Handles_Normally_Calculated_Numbers_Up_To_8" />
    </UnitTest>
    <UnitTest name="NumberToRomanConvertor_Returns_XXX_For_30" storage="c:\kataromannumerals\kataromannumerals\kataromannumerals.test\bin\debug\kataromannumerals.test.dll" id="197ff004-93dc-d336-6771-7a8aab33156b">
      <Execution id="7e0435c4-a175-4809-82f9-3f9d84772f21" />
      <TestMethod codeBase="C:/KataRomanNumerals/KataRomanNumerals/KataRomanNumerals.Test/bin/Debug/KataRomanNumerals.Test.DLL" adapterTypeName="Microsoft.VisualStudio.TestTools.TestTypes.Unit.UnitTestAdapter, Microsoft.VisualStudio.QualityTools.Tips.UnitTest.Adapter, Version=10.0.0.0, Culture=neutral, PublicKeyToken=b03f5f7f11d50a3a" className="KataRomanNumerals.Test.NumberToRomanConvertorTests, KataRomanNumerals.Test, Version=1.0.0.0, Culture=neutral, PublicKeyToken=null" name="NumberToRomanConvertor_Returns_XXX_For_30" />
    </UnitTest>
    <UnitTest name="NumberToRomanConvertor_Returns_XCIX_For_99" storage="c:\kataromannumerals\kataromannumerals\kataromannumerals.test\bin\debug\kataromannumerals.test.dll" id="73893994-d9ec-76c5-9c00-1580adac6742">
      <Execution id="62657dce-d3be-4a73-a3a8-75b0de392091" />
      <TestMethod codeBase="C:/KataRomanNumerals/KataRomanNumerals/KataRomanNumerals.Test/bin/Debug/KataRomanNumerals.Test.DLL" adapterTypeName="Microsoft.VisualStudio.TestTools.TestTypes.Unit.UnitTestAdapter, Microsoft.VisualStudio.QualityTools.Tips.UnitTest.Adapter, Version=10.0.0.0, Culture=neutral, PublicKeyToken=b03f5f7f11d50a3a" className="KataRomanNumerals.Test.NumberToRomanConvertorTests, KataRomanNumerals.Test, Version=1.0.0.0, Culture=neutral, PublicKeyToken=null" name="NumberToRomanConvertor_Returns_XCIX_For_99" />
    </UnitTest>
    <UnitTest name="NumberToRomanConvertor_ThrowsExeptionFor_4000" storage="c:\kataromannumerals\kataromannumerals\kataromannumerals.test\bin\debug\kataromannumerals.test.dll" id="2c00c62d-f0c8-a328-d351-d78469f8eec8">
      <Execution id="d4ae9691-dad1-43fc-ac53-afba719b7c12" />
      <TestMethod codeBase="C:/KataRomanNumerals/KataRomanNumerals/KataRomanNumerals.Test/bin/Debug/KataRomanNumerals.Test.DLL" adapterTypeName="Microsoft.VisualStudio.TestTools.TestTypes.Unit.UnitTestAdapter, Microsoft.VisualStudio.QualityTools.Tips.UnitTest.Adapter, Version=10.0.0.0, Culture=neutral, PublicKeyToken=b03f5f7f11d50a3a" className="KataRomanNumerals.Test.NumberToRomanConvertorTests, KataRomanNumerals.Test, Version=1.0.0.0, Culture=neutral, PublicKeyToken=null" name="NumberToRomanConvertor_ThrowsExeptionFor_4000" />
    </UnitTest>
    <UnitTest name="NumberToRomanConvertor_Returns_I_For_1" storage="c:\kataromannumerals\kataromannumerals\kataromannumerals.test\bin\debug\kataromannumerals.test.dll" id="32ce1458-f01a-4f85-a068-f8c725fd52ab">
      <Execution id="cabf0096-4093-4f23-aac9-876b8df102a2" />
      <TestMethod codeBase="C:/KataRomanNumerals/KataRomanNumerals/KataRomanNumerals.Test/bin/Debug/KataRomanNumerals.Test.DLL" adapterTypeName="Microsoft.VisualStudio.TestTools.TestTypes.Unit.UnitTestAdapter, Microsoft.VisualStudio.QualityTools.Tips.UnitTest.Adapter, Version=10.0.0.0, Culture=neutral, PublicKeyToken=b03f5f7f11d50a3a" className="KataRomanNumerals.Test.NumberToRomanConvertorTests, KataRomanNumerals.Test, Version=1.0.0.0, Culture=neutral, PublicKeyToken=null" name="NumberToRomanConvertor_Returns_I_For_1" />
    </UnitTest>
    <UnitTest name="NumberToRomanConvertor_Returns_IX_For_9" storage="c:\kataromannumerals\kataromannumerals\kataromannumerals.test\bin\debug\kataromannumerals.test.dll" id="bac3ed0c-f1f7-8a74-ec74-2ba28ce9231f">
      <Execution id="f37d4a5d-9467-4271-ae58-861c213e5894" />
      <TestMethod codeBase="C:/KataRomanNumerals/KataRomanNumerals/KataRomanNumerals.Test/bin/Debug/KataRomanNumerals.Test.DLL" adapterTypeName="Microsoft.VisualStudio.TestTools.TestTypes.Unit.UnitTestAdapter, Microsoft.VisualStudio.QualityTools.Tips.UnitTest.Adapter, Version=10.0.0.0, Culture=neutral, PublicKeyToken=b03f5f7f11d50a3a" className="KataRomanNumerals.Test.NumberToRomanConvertorTests, KataRomanNumerals.Test, Version=1.0.0.0, Culture=neutral, PublicKeyToken=null" name="NumberToRomanConvertor_Returns_IX_For_9" />
    </UnitTest>
    <UnitTest name="NumberToRomanConvertor_Returns_Correct_Value_For_Numbers_Lower_Than_3" storage="c:\kataromannumerals\kataromannumerals\kataromannumerals.test\bin\debug\kataromannumerals.test.dll" id="873b1e5d-5b44-6564-1a2d-1d3d99d11e05">
      <Execution id="22eb9fe0-8fca-417f-a26d-2c3fc7f6adb2" />
      <TestMethod codeBase="C:/KataRomanNumerals/KataRomanNumerals/KataRomanNumerals.Test/bin/Debug/KataRomanNumerals.Test.DLL" adapterTypeName="Microsoft.VisualStudio.TestTools.TestTypes.Unit.UnitTestAdapter, Microsoft.VisualStudio.QualityTools.Tips.UnitTest.Adapter, Version=10.0.0.0, Culture=neutral, PublicKeyToken=b03f5f7f11d50a3a" className="KataRomanNumerals.Test.NumberToRomanConvertorTests, KataRomanNumerals.Test, Version=1.0.0.0, Culture=neutral, PublicKeyToken=null" name="NumberToRomanConvertor_Returns_Correct_Value_For_Numbers_Lower_Than_3" />
    </UnitTest>
  </TestDefinitions>
  <TestLists>
    <TestList name="Results Not in a List" id="8c84fa94-04c1-424b-9868-57a2d4851a1d" />
    <TestList name="All Loaded Results" id="19431567-8539-422a-85d7-44ee4e166bda" />
  </TestLists>
  <TestEntries>
    <TestEntry testId="197ff004-93dc-d336-6771-7a8aab33156b" executionId="7e0435c4-a175-4809-82f9-3f9d84772f21" testListId="8c84fa94-04c1-424b-9868-57a2d4851a1d" />
    <TestEntry testId="2c00c62d-f0c8-a328-d351-d78469f8eec8" executionId="d4ae9691-dad1-43fc-ac53-afba719b7c12" testListId="8c84fa94-04c1-424b-9868-57a2d4851a1d" />
    <TestEntry testId="32ce1458-f01a-4f85-a068-f8c725fd52ab" executionId="cabf0096-4093-4f23-aac9-876b8df102a2" testListId="8c84fa94-04c1-424b-9868-57a2d4851a1d" />
    <TestEntry testId="50a9aee8-397e-35c2-732d-07cdb9b985e9" executionId="953fd0b3-5553-4e2d-9a29-676397aa64bb" testListId="8c84fa94-04c1-424b-9868-57a2d4851a1d" />
    <TestEntry testId="73893994-d9ec-76c5-9c00-1580adac6742" executionId="62657dce-d3be-4a73-a3a8-75b0de392091" testListId="8c84fa94-04c1-424b-9868-57a2d4851a1d" />
    <TestEntry testId="79ea984a-0e3a-0859-5266-9264b8474cf3" executionId="1b360cc8-8674-44bf-a70a-8146f72d7bc4" testListId="8c84fa94-04c1-424b-9868-57a2d4851a1d" />
    <TestEntry testId="873b1e5d-5b44-6564-1a2d-1d3d99d11e05" executionId="22eb9fe0-8fca-417f-a26d-2c3fc7f6adb2" testListId="8c84fa94-04c1-424b-9868-57a2d4851a1d" />
    <TestEntry testId="a5c7d76b-e83a-db86-0d3a-5862beff8f69" executionId="b54b227c-d81a-4470-a6ce-b5e89cc710ff" testListId="8c84fa94-04c1-424b-9868-57a2d4851a1d" />
    <TestEntry testId="bac3ed0c-f1f7-8a74-ec74-2ba28ce9231f" executionId="f37d4a5d-9467-4271-ae58-861c213e5894" testListId="8c84fa94-04c1-424b-9868-57a2d4851a1d" />
    <TestEntry testId="ff27711d-6319-d11b-1c21-a93d513815ca" executionId="b24117bd-6c5b-4918-ba26-4f8d31d659ca" testListId="8c84fa94-04c1-424b-9868-57a2d4851a1d" />
  </TestEntries>
  <Results>
    <UnitTestResult executionId="7e0435c4-a175-4809-82f9-3f9d84772f21" testId="197ff004-93dc-d336-6771-7a8aab33156b" testName="NumberToRomanConvertor_Returns_XXX_For_30" computerName="QHSW20363" duration="00:00:00.0174840" startTime="2012-02-29T11:07:02.4330254+00:00" endTime="2012-02-29T11:07:02.7510572+00:00" testType="13cdc9d9-ddb5-4fa4-a97d-d965ccfc6d4b" outcome="Passed" testListId="8c84fa94-04c1-424b-9868-57a2d4851a1d" relativeResultsDirectory="7e0435c4-a175-4809-82f9-3f9d84772f21">
    </UnitTestResult>
    <UnitTestResult executionId="d4ae9691-dad1-43fc-ac53-afba719b7c12" testId="2c00c62d-f0c8-a328-d351-d78469f8eec8" testName="NumberToRomanConvertor_ThrowsExeptionFor_4000" computerName="QHSW20363" duration="00:00:00.1172632" startTime="2012-02-29T11:07:02.7970618+00:00" endTime="2012-02-29T11:07:02.9180739+00:00" testType="13cdc9d9-ddb5-4fa4-a97d-d965ccfc6d4b" outcome="Failed" testListId="8c84fa94-04c1-424b-9868-57a2d4851a1d" relativeResultsDirectory="d4ae9691-dad1-43fc-ac53-afba719b7c12">
      <Output>
        <ErrorInfo>
          <Message>Test method KataRomanNumerals.Test.NumberToRomanConvertorTests.NumberToRomanConvertor_ThrowsExeptionFor_4000 did not throw expected exception System.ArgumentOutOfRangeException.</Message>
        </ErrorInfo>
      </Output>
    </UnitTestResult>
    <UnitTestResult executionId="cabf0096-4093-4f23-aac9-876b8df102a2" testId="32ce1458-f01a-4f85-a068-f8c725fd52ab" testName="NumberToRomanConvertor_Returns_I_For_1" computerName="QHSW20363" duration="00:00:00.0002220" startTime="2012-02-29T11:07:03.0150836+00:00" endTime="2012-02-29T11:07:03.0180839+00:00" testType="13cdc9d9-ddb5-4fa4-a97d-d965ccfc6d4b" outcome="Passed" testListId="8c84fa94-04c1-424b-9868-57a2d4851a1d" relativeResultsDirectory="cabf0096-4093-4f23-aac9-876b8df102a2">
    </UnitTestResult>
    <UnitTestResult executionId="953fd0b3-5553-4e2d-9a29-676397aa64bb" testId="50a9aee8-397e-35c2-732d-07cdb9b985e9" testName="NumberToRomanConvertor_Returns_XLIX_For_49" computerName="QHSW20363" duration="00:00:00.0006056" startTime="2012-02-29T11:07:03.0430864+00:00" endTime="2012-02-29T11:07:03.0460867+00:00" testType="13cdc9d9-ddb5-4fa4-a97d-d965ccfc6d4b" outcome="Passed" testListId="8c84fa94-04c1-424b-9868-57a2d4851a1d" relativeResultsDirectory="953fd0b3-5553-4e2d-9a29-676397aa64bb">
    </UnitTestResult>
    <UnitTestResult executionId="62657dce-d3be-4a73-a3a8-75b0de392091" testId="73893994-d9ec-76c5-9c00-1580adac6742" testName="NumberToRomanConvertor_Returns_XCIX_For_99" computerName="QHSW20363" duration="00:00:00.0002494" startTime="2012-02-29T11:07:03.0580879+00:00" endTime="2012-02-29T11:07:03.0640885+00:00" testType="13cdc9d9-ddb5-4fa4-a97d-d965ccfc6d4b" outcome="Passed" testListId="8c84fa94-04c1-424b-9868-57a2d4851a1d" relativeResultsDirectory="62657dce-d3be-4a73-a3a8-75b0de392091">
    </UnitTestResult>
    <UnitTestResult executionId="1b360cc8-8674-44bf-a70a-8146f72d7bc4" testId="79ea984a-0e3a-0859-5266-9264b8474cf3" testName="NumberToRomanConvertor_Returns_IV_For_4" computerName="QHSW20363" duration="00:00:00.0002261" startTime="2012-02-29T11:07:03.0860907+00:00" endTime="2012-02-29T11:07:03.0890910+00:00" testType="13cdc9d9-ddb5-4fa4-a97d-d965ccfc6d4b" outcome="Passed" testListId="8c84fa94-04c1-424b-9868-57a2d4851a1d" relativeResultsDirectory="1b360cc8-8674-44bf-a70a-8146f72d7bc4">
    </UnitTestResult>
    <UnitTestResult executionId="22eb9fe0-8fca-417f-a26d-2c3fc7f6adb2" testId="873b1e5d-5b44-6564-1a2d-1d3d99d11e05" testName="NumberToRomanConvertor_Returns_Correct_Value_For_Numbers_Lower_Than_3" computerName="QHSW20363" duration="00:00:00.0003278" startTime="2012-02-29T11:07:03.1070928+00:00" endTime="2012-02-29T11:07:03.1100931+00:00" testType="13cdc9d9-ddb5-4fa4-a97d-d965ccfc6d4b" outcome="Passed" testListId="8c84fa94-04c1-424b-9868-57a2d4851a1d" relativeResultsDirectory="22eb9fe0-8fca-417f-a26d-2c3fc7f6adb2">
    </UnitTestResult>
    <UnitTestResult executionId="b54b227c-d81a-4470-a6ce-b5e89cc710ff" testId="a5c7d76b-e83a-db86-0d3a-5862beff8f69" testName="NumberToRomanConvertor_Handles_Normally_Calculated_Numbers_Up_To_8" computerName="QHSW20363" duration="00:00:00.0003329" startTime="2012-02-29T11:07:03.1350956+00:00" endTime="2012-02-29T11:07:03.1380959+00:00" testType="13cdc9d9-ddb5-4fa4-a97d-d965ccfc6d4b" outcome="Passed" testListId="8c84fa94-04c1-424b-9868-57a2d4851a1d" relativeResultsDirectory="b54b227c-d81a-4470-a6ce-b5e89cc710ff">
    </UnitTestResult>
    <UnitTestResult executionId="f37d4a5d-9467-4271-ae58-861c213e5894" testId="bac3ed0c-f1f7-8a74-ec74-2ba28ce9231f" testName="NumberToRomanConvertor_Returns_IX_For_9" computerName="QHSW20363" duration="00:00:00.0002142" startTime="2012-02-29T11:07:03.2111032+00:00" endTime="2012-02-29T11:07:03.2131034+00:00" testType="13cdc9d9-ddb5-4fa4-a97d-d965ccfc6d4b" outcome="Passed" testListId="8c84fa94-04c1-424b-9868-57a2d4851a1d" relativeResultsDirectory="f37d4a5d-9467-4271-ae58-861c213e5894">
    </UnitTestResult>
    <UnitTestResult executionId="b24117bd-6c5b-4918-ba26-4f8d31d659ca" testId="ff27711d-6319-d11b-1c21-a93d513815ca" testName="NumberToRomanConvertor_Returns_MCMXCIX_For_1999" computerName="QHSW20363" duration="00:00:00.0002005" startTime="2012-02-29T11:07:03.2531074+00:00" endTime="2012-02-29T11:07:03.2551076+00:00" testType="13cdc9d9-ddb5-4fa4-a97d-d965ccfc6d4b" outcome="Passed" testListId="8c84fa94-04c1-424b-9868-57a2d4851a1d" relativeResultsDirectory="b24117bd-6c5b-4918-ba26-4f8d31d659ca">
    </UnitTestResult>
  </Results>
</TestRun>