<?xml version="1.0" encoding="UTF-8"?>
<TestRun id="dd8bab6a-eb6f-497a-9a71-dc2291e89f8b" name="panahr@QHSW20363 2012-02-29 11:07:16" runUser="B2B\panahr" xmlns="http://microsoft.com/schemas/VisualStudio/TeamTest/2010">
  <TestSettings name="Local" id="6e919be3-b349-4f4d-a205-06b636a09382">
    <Description>These are default test settings for a local test run.</Description>
    <Deployment enabled="false" runDeploymentRoot="panahr_QHSW20363 2012-02-29 11_07_16">
      <DeploymentItem filename="C:\KataRomanNumerals\KataRomanNumerals\KataRomanNumerals.Library\bin\Debug\KataRomanNumerals.Library.dll" />
    </Deployment>
    <Execution>
      <TestTypeSpecific />
      <AgentRule name="Execution Agents">
      </AgentRule>
    </Execution>
  </TestSettings>
  <Times creation="2012-02-29T11:07:16.5652099+00:00" queuing="2012-02-29T11:07:16.6412175+00:00" start="2012-02-29T11:07:16.7072241+00:00" finish="2012-02-29T11:07:17.4873021+00:00" />
  <ResultSummary outcome="Completed">
    <Counters total="9" executed="9" passed="9" error="0" failed="0" timeout="0" aborted="0" inconclusive="0" passedButRunAborted="0" notRunnable="0" notExecuted="0" disconnected="0" warning="0" completed="0" inProgress="0" pending="0" />
  </ResultSummary>
  <TestDefinitions>
    <UnitTest name="NumberToRomanConvertor_Returns_IV_For_4" storage="c:\kataromannumerals\kataromannumerals\kataromannumerals.test\bin\debug\kataromannumerals.test.dll" id="79ea984a-0e3a-0859-5266-9264b8474cf3">
      <Execution id="876cd255-f57f-4556-970d-bde514492379" />
      <TestMethod codeBase="C:/KataRomanNumerals/KataRomanNumerals/KataRomanNumerals.Test/bin/Debug/KataRomanNumerals.Test.DLL" adapterTypeName="Microsoft.VisualStudio.TestTools.TestTypes.Unit.UnitTestAdapter, Microsoft.VisualStudio.QualityTools.Tips.UnitTest.Adapter, Version=10.0.0.0, Culture=neutral, PublicKeyToken=b03f5f7f11d50a3a" className="KataRomanNumerals.Test.NumberToRomanConvertorTests, KataRomanNumerals.Test, Version=1.0.0.0, Culture=neutral, PublicKeyToken=null" name="NumberToRomanConvertor_Returns_IV_For_4" />
    </UnitTest>
    <UnitTest name="NumberToRomanConvertor_Returns_XLIX_For_49" storage="c:\kataromannumerals\kataromannumerals\kataromannumerals.test\bin\debug\kataromannumerals.test.dll" id="50a9aee8-397e-35c2-732d-07cdb9b985e9">
      <Execution id="29b86f14-2231-4e2b-8972-cb0f61bfcbaf" />
      <TestMethod codeBase="C:/KataRomanNumerals/KataRomanNumerals/KataRomanNumerals.Test/bin/Debug/KataRomanNumerals.Test.DLL" adapterTypeName="Microsoft.VisualStudio.TestTools.TestTypes.Unit.UnitTestAdapter, Microsoft.VisualStudio.QualityTools.Tips.UnitTest.Adapter, Version=10.0.0.0, Culture=neutral, PublicKeyToken=b03f5f7f11d50a3a" className="KataRomanNumerals.Test.NumberToRomanConvertorTests, KataRomanNumerals.Test, Version=1.0.0.0, Culture=neutral, PublicKeyToken=null" name="NumberToRomanConvertor_Returns_XLIX_For_49" />
    </UnitTest>
    <UnitTest name="NumberToRomanConvertor_Returns_MCMXCIX_For_1999" storage="c:\kataromannumerals\kataromannumerals\kataromannumerals.test\bin\debug\kataromannumerals.test.dll" id="ff27711d-6319-d11b-1c21-a93d513815ca">
      <Execution id="2661d145-f03c-4385-bc02-ea61f23246c1" />
      <TestMethod codeBase="C:/KataRomanNumerals/KataRomanNumerals/KataRomanNumerals.Test/bin/Debug/KataRomanNumerals.Test.DLL" adapterTypeName="Microsoft.VisualStudio.TestTools.TestTypes.Unit.UnitTestAdapter, Microsoft.VisualStudio.QualityTools.Tips.UnitTest.Adapter, Version=10.0.0.0, Culture=neutral, PublicKeyToken=b03f5f7f11d50a3a" className="KataRomanNumerals.Test.NumberToRomanConvertorTests, KataRomanNumerals.Test, Version=1.0.0.0, Culture=neutral, PublicKeyToken=null" name="NumberToRomanConvertor_Returns_MCMXCIX_For_1999" />
    </UnitTest>
    <UnitTest name="NumberToRomanConvertor_Handles_Normally_Calculated_Numbers_Up_To_8" storage="c:\kataromannumerals\kataromannumerals\kataromannumerals.test\bin\debug\kataromannumerals.test.dll" id="a5c7d76b-e83a-db86-0d3a-5862beff8f69">
      <Execution id="c32ceef5-0c60-45fb-b48d-a609f2319caf" />
      <TestMethod codeBase="C:/KataRomanNumerals/KataRomanNumerals/KataRomanNumerals.Test/bin/Debug/KataRomanNumerals.Test.DLL" adapterTypeName="Microsoft.VisualStudio.TestTools.TestTypes.Unit.UnitTestAdapter, Microsoft.VisualStudio.QualityTools.Tips.UnitTest.Adapter, Version=10.0.0.0, Culture=neutral, PublicKeyToken=b03f5f7f11d50a3a" className="KataRomanNumerals.Test.NumberToRomanConvertorTests, KataRomanNumerals.Test, Version=1.0.0.0, Culture=neutral, PublicKeyToken=null" name="NumberToRomanConvertor_Handles_Normally_Calculated_Numbers_Up_To_8" />
    </UnitTest>
    <UnitTest name="NumberToRomanConvertor_Returns_XXX_For_30" storage="c:\kataromannumerals\kataromannumerals\kataromannumerals.test\bin\debug\kataromannumerals.test.dll" id="197ff004-93dc-d336-6771-7a8aab33156b">
      <Execution id="9065a9f4-61fd-4293-bf25-9efdbd220c44" />
      <TestMethod codeBase="C:/KataRomanNumerals/KataRomanNumerals/KataRomanNumerals.Test/bin/Debug/KataRomanNumerals.Test.DLL" adapterTypeName="Microsoft.VisualStudio.TestTools.TestTypes.Unit.UnitTestAdapter, Microsoft.VisualStudio.QualityTools.Tips.UnitTest.Adapter, Version=10.0.0.0, Culture=neutral, PublicKeyToken=b03f5f7f11d50a3a" className="KataRomanNumerals.Test.NumberToRomanConvertorTests, KataRomanNumerals.Test, Version=1.0.0.0, Culture=neutral, PublicKeyToken=null" name="NumberToRomanConvertor_Returns_XXX_For_30" />
    </UnitTest>
    <UnitTest name="NumberToRomanConvertor_Returns_XCIX_For_99" storage="c:\kataromannumerals\kataromannumerals\kataromannumerals.test\bin\debug\kataromannumerals.test.dll" id="73893994-d9ec-76c5-9c00-1580adac6742">
      <Execution id="6eb0b97b-9c7c-4323-8bd7-668bcf77d77a" />
      <TestMethod codeBase="C:/KataRomanNumerals/KataRomanNumerals/KataRomanNumerals.Test/bin/Debug/KataRomanNumerals.Test.DLL" adapterTypeName="Microsoft.VisualStudio.TestTools.TestTypes.Unit.UnitTestAdapter, Microsoft.VisualStudio.QualityTools.Tips.UnitTest.Adapter, Version=10.0.0.0, Culture=neutral, PublicKeyToken=b03f5f7f11d50a3a" className="KataRomanNumerals.Test.NumberToRomanConvertorTests, KataRomanNumerals.Test, Version=1.0.0.0, Culture=neutral, PublicKeyToken=null" name="NumberToRomanConvertor_Returns_XCIX_For_99" />
    </UnitTest>
    <UnitTest name="NumberToRomanConvertor_Returns_IX_For_9" storage="c:\kataromannumerals\kataromannumerals\kataromannumerals.test\bin\debug\kataromannumerals.test.dll" id="bac3ed0c-f1f7-8a74-ec74-2ba28ce9231f">
      <Execution id="43d7eb11-7d31-4b00-9506-31e5dadeb8a5" />
      <TestMethod codeBase="C:/KataRomanNumerals/KataRomanNumerals/KataRomanNumerals.Test/bin/Debug/KataRomanNumerals.Test.DLL" adapterTypeName="Microsoft.VisualStudio.TestTools.TestTypes.Unit.UnitTestAdapter, Microsoft.VisualStudio.QualityTools.Tips.UnitTest.Adapter, Version=10.0.0.0, Culture=neutral, PublicKeyToken=b03f5f7f11d50a3a" className="KataRomanNumerals.Test.NumberToRomanConvertorTests, KataRomanNumerals.Test, Version=1.0.0.0, Culture=neutral, PublicKeyToken=null" name="NumberToRomanConvertor_Returns_IX_For_9" />
    </UnitTest>
    <UnitTest name="NumberToRomanConvertor_Returns_I_For_1" storage="c:\kataromannumerals\kataromannumerals\kataromannumerals.test\bin\debug\kataromannumerals.test.dll" id="32ce1458-f01a-4f85-a068-f8c725fd52ab">
      <Execution id="e4d5d09a-d011-4099-9183-d4857e2ac669" />
      <TestMethod codeBase="C:/KataRomanNumerals/KataRomanNumerals/KataRomanNumerals.Test/bin/Debug/KataRomanNumerals.Test.DLL" adapterTypeName="Microsoft.VisualStudio.TestTools.TestTypes.Unit.UnitTestAdapter, Microsoft.VisualStudio.QualityTools.Tips.UnitTest.Adapter, Version=10.0.0.0, Culture=neutral, PublicKeyToken=b03f5f7f11d50a3a" className="KataRomanNumerals.Test.NumberToRomanConvertorTests, KataRomanNumerals.Test, Version=1.0.0.0, Culture=neutral, PublicKeyToken=null" name="NumberToRomanConvertor_Returns_I_For_1" />
    </UnitTest>
    <UnitTest name="NumberToRomanConvertor_Returns_Correct_Value_For_Numbers_Lower_Than_3" storage="c:\kataromannumerals\kataromannumerals\kataromannumerals.test\bin\debug\kataromannumerals.test.dll" id="873b1e5d-5b44-6564-1a2d-1d3d99d11e05">
      <Execution id="1f66bd8a-28d9-46b2-b1fd-1fb8491f5572" />
      <TestMethod codeBase="C:/KataRomanNumerals/KataRomanNumerals/KataRomanNumerals.Test/bin/Debug/KataRomanNumerals.Test.DLL" adapterTypeName="Microsoft.VisualStudio.TestTools.TestTypes.Unit.UnitTestAdapter, Microsoft.VisualStudio.QualityTools.Tips.UnitTest.Adapter, Version=10.0.0.0, Culture=neutral, PublicKeyToken=b03f5f7f11d50a3a" className="KataRomanNumerals.Test.NumberToRomanConvertorTests, KataRomanNumerals.Test, Version=1.0.0.0, Culture=neutral, PublicKeyToken=null" name="NumberToRomanConvertor_Returns_Correct_Value_For_Numbers_Lower_Than_3" />
    </UnitTest>
  </TestDefinitions>
  <TestLists>
    <TestList name="Results Not in a List" id="8c84fa94-04c1-424b-9868-57a2d4851a1d" />
    <TestList name="All Loaded Results" id="19431567-8539-422a-85d7-44ee4e166bda" />
  </TestLists>
  <TestEntries>
    <TestEntry testId="197ff004-93dc-d336-6771-7a8aab33156b" executionId="9065a9f4-61fd-4293-bf25-9efdbd220c44" testListId="8c84fa94-04c1-424b-9868-57a2d4851a1d" />
    <TestEntry testId="32ce1458-f01a-4f85-a068-f8c725fd52ab" executionId="e4d5d09a-d011-4099-9183-d4857e2ac669" testListId="8c84fa94-04c1-424b-9868-57a2d4851a1d" />
    <TestEntry testId="50a9aee8-397e-35c2-732d-07cdb9b985e9" executionId="29b86f14-2231-4e2b-8972-cb0f61bfcbaf" testListId="8c84fa94-04c1-424b-9868-57a2d4851a1d" />
    <TestEntry testId="73893994-d9ec-76c5-9c00-1580adac6742" executionId="6eb0b97b-9c7c-4323-8bd7-668bcf77d77a" testListId="8c84fa94-04c1-424b-9868-57a2d4851a1d" />
    <TestEntry testId="79ea984a-0e3a-0859-5266-9264b8474cf3" executionId="876cd255-f57f-4556-970d-bde514492379" testListId="8c84fa94-04c1-424b-9868-57a2d4851a1d" />
    <TestEntry testId="873b1e5d-5b44-6564-1a2d-1d3d99d11e05" executionId="1f66bd8a-28d9-46b2-b1fd-1fb8491f5572" testListId="8c84fa94-04c1-424b-9868-57a2d4851a1d" />
    <TestEntry testId="a5c7d76b-e83a-db86-0d3a-5862beff8f69" executionId="c32ceef5-0c60-45fb-b48d-a609f2319caf" testListId="8c84fa94-04c1-424b-9868-57a2d4851a1d" />
    <TestEntry testId="bac3ed0c-f1f7-8a74-ec74-2ba28ce9231f" executionId="43d7eb11-7d31-4b00-9506-31e5dadeb8a5" testListId="8c84fa94-04c1-424b-9868-57a2d4851a1d" />
    <TestEntry testId="ff27711d-6319-d11b-1c21-a93d513815ca" executionId="2661d145-f03c-4385-bc02-ea61f23246c1" testListId="8c84fa94-04c1-424b-9868-57a2d4851a1d" />
  </TestEntries>
  <Results>
    <UnitTestResult executionId="9065a9f4-61fd-4293-bf25-9efdbd220c44" testId="197ff004-93dc-d336-6771-7a8aab33156b" testName="NumberToRomanConvertor_Returns_XXX_For_30" computerName="QHSW20363" duration="00:00:00.0226945" startTime="2012-02-29T11:07:16.7932327+00:00" endTime="2012-02-29T11:07:17.0752609+00:00" testType="13cdc9d9-ddb5-4fa4-a97d-d965ccfc6d4b" outcome="Passed" testListId="8c84fa94-04c1-424b-9868-57a2d4851a1d" relativeResultsDirectory="9065a9f4-61fd-4293-bf25-9efdbd220c44">
    </UnitTestResult>
    <UnitTestResult executionId="e4d5d09a-d011-4099-9183-d4857e2ac669" testId="32ce1458-f01a-4f85-a068-f8c725fd52ab" testName="NumberToRomanConvertor_Returns_I_For_1" computerName="QHSW20363" duration="00:00:00.0002333" startTime="2012-02-29T11:07:17.1042638+00:00" endTime="2012-02-29T11:07:17.1232657+00:00" testType="13cdc9d9-ddb5-4fa4-a97d-d965ccfc6d4b" outcome="Passed" testListId="8c84fa94-04c1-424b-9868-57a2d4851a1d" relativeResultsDirectory="e4d5d09a-d011-4099-9183-d4857e2ac669">
    </UnitTestResult>
    <UnitTestResult executionId="29b86f14-2231-4e2b-8972-cb0f61bfcbaf" testId="50a9aee8-397e-35c2-732d-07cdb9b985e9" testName="NumberToRomanConvertor_Returns_XLIX_For_49" computerName="QHSW20363" duration="00:00:00.0131139" startTime="2012-02-29T11:07:17.1362670+00:00" endTime="2012-02-29T11:07:17.1802714+00:00" testType="13cdc9d9-ddb5-4fa4-a97d-d965ccfc6d4b" outcome="Passed" testListId="8c84fa94-04c1-424b-9868-57a2d4851a1d" relativeResultsDirectory="29b86f14-2231-4e2b-8972-cb0f61bfcbaf">
    </UnitTestResult>
    <UnitTestResult executionId="6eb0b97b-9c7c-4323-8bd7-668bcf77d77a" testId="73893994-d9ec-76c5-9c00-1580adac6742" testName="NumberToRomanConvertor_Returns_XCIX_For_99" computerName="QHSW20363" duration="00:00:00.0002193" startTime="2012-02-29T11:07:17.1962730+00:00" endTime="2012-02-29T11:07:17.1992733+00:00" testType="13cdc9d9-ddb5-4fa4-a97d-d965ccfc6d4b" outcome="Passed" testListId="8c84fa94-04c1-424b-9868-57a2d4851a1d" relativeResultsDirectory="6eb0b97b-9c7c-4323-8bd7-668bcf77d77a">
    </UnitTestResult>
    <UnitTestResult executionId="876cd255-f57f-4556-970d-bde514492379" testId="79ea984a-0e3a-0859-5266-9264b8474cf3" testName="NumberToRomanConvertor_Returns_IV_For_4" computerName="QHSW20363" duration="00:00:00.0002573" startTime="2012-02-29T11:07:17.2242758+00:00" endTime="2012-02-29T11:07:17.2292763+00:00" testType="13cdc9d9-ddb5-4fa4-a97d-d965ccfc6d4b" outcome="Passed" testListId="8c84fa94-04c1-424b-9868-57a2d4851a1d" relativeResultsDirectory="876cd255-f57f-4556-970d-bde514492379">
    </UnitTestResult>
    <UnitTestResult executionId="1f66bd8a-28d9-46b2-b1fd-1fb8491f5572" testId="873b1e5d-5b44-6564-1a2d-1d3d99d11e05" testName="NumberToRomanConvertor_Returns_Correct_Value_For_Numbers_Lower_Than_3" computerName="QHSW20363" duration="00:00:00.0003298" startTime="2012-02-29T11:07:17.2612795+00:00" endTime="2012-02-29T11:07:17.2672801+00:00" testType="13cdc9d9-ddb5-4fa4-a97d-d965ccfc6d4b" outcome="Passed" testListId="8c84fa94-04c1-424b-9868-57a2d4851a1d" relativeResultsDirectory="1f66bd8a-28d9-46b2-b1fd-1fb8491f5572">
    </UnitTestResult>
    <UnitTestResult executionId="c32ceef5-0c60-45fb-b48d-a609f2319caf" testId="a5c7d76b-e83a-db86-0d3a-5862beff8f69" testName="NumberToRomanConvertor_Handles_Normally_Calculated_Numbers_Up_To_8" computerName="QHSW20363" duration="00:00:00.0003308" startTime="2012-02-29T11:07:17.3332867+00:00" endTime="2012-02-29T11:07:17.3362870+00:00" testType="13cdc9d9-ddb5-4fa4-a97d-d965ccfc6d4b" outcome="Passed" testListId="8c84fa94-04c1-424b-9868-57a2d4851a1d" relativeResultsDirectory="c32ceef5-0c60-45fb-b48d-a609f2319caf">
    </UnitTestResult>
    <UnitTestResult executionId="43d7eb11-7d31-4b00-9506-31e5dadeb8a5" testId="bac3ed0c-f1f7-8a74-ec74-2ba28ce9231f" testName="NumberToRomanConvertor_Returns_IX_For_9" computerName="QHSW20363" duration="00:00:00.0002135" startTime="2012-02-29T11:07:17.3572891+00:00" endTime="2012-02-29T11:07:17.3602894+00:00" testType="13cdc9d9-ddb5-4fa4-a97d-d965ccfc6d4b" outcome="Passed" testListId="8c84fa94-04c1-424b-9868-57a2d4851a1d" relativeResultsDirectory="43d7eb11-7d31-4b00-9506-31e5dadeb8a5">
    </UnitTestResult>
    <UnitTestResult executionId="2661d145-f03c-4385-bc02-ea61f23246c1" testId="ff27711d-6319-d11b-1c21-a93d513815ca" testName="NumberToRomanConvertor_Returns_MCMXCIX_For_1999" computerName="QHSW20363" duration="00:00:00.0001998" startTime="2012-02-29T11:07:17.3822916+00:00" endTime="2012-02-29T11:07:17.3852919+00:00" testType="13cdc9d9-ddb5-4fa4-a97d-d965ccfc6d4b" outcome="Passed" testListId="8c84fa94-04c1-424b-9868-57a2d4851a1d" relativeResultsDirectory="2661d145-f03c-4385-bc02-ea61f23246c1">
    </UnitTestResult>
  </Results>
</TestRun>