<?xml version="1.0" encoding="UTF-8"?>
<TestRun id="d3fb7f1c-400e-438f-a161-ed70896bdf6b" name="reza@INNOVATION-ST 2012-02-28 19:23:58" runUser="Innovation-St\reza" xmlns="http://microsoft.com/schemas/VisualStudio/TeamTest/2010">
  <TestSettings name="Local" id="6e919be3-b349-4f4d-a205-06b636a09382">
    <Description>These are default test settings for a local test run.</Description>
    <Deployment enabled="false" runDeploymentRoot="reza_INNOVATION-ST 2012-02-28 19_23_58">
      <DeploymentItem filename="c:\users\reza\documents\visual studio 2010\Projects\KataRomanNumerals\KataRomanNumerals.Library\bin\Debug\KataRomanNumerals.Library.dll" />
    </Deployment>
    <Execution>
      <TestTypeSpecific />
      <AgentRule name="Execution Agents">
      </AgentRule>
    </Execution>
  </TestSettings>
  <Times creation="2012-02-28T19:23:58.3951253+00:00" queuing="2012-02-28T19:23:58.4461282+00:00" start="2012-02-28T19:23:58.4541287+00:00" finish="2012-02-28T19:23:58.8831532+00:00" />
  <ResultSummary outcome="Failed">
    <Counters total="1" executed="1" error="0" failed="1" timeout="0" aborted="0" inconclusive="0" passedButRunAborted="0" notRunnable="0" notExecuted="0" disconnected="0" warning="0" passed="0" completed="0" inProgress="0" pending="0" />
  </ResultSummary>
  <TestDefinitions>
    <UnitTest name="NumberToRomanConvertor_Returns_Correct_Value_For_Numbers_Lower_Than_3" storage="c:\users\reza\documents\visual studio 2010\projects\kataromannumerals\kataromannumerals.test\bin\debug\kataromannumerals.test.dll" id="873b1e5d-5b44-6564-1a2d-1d3d99d11e05">
      <Execution id="6e3722ff-24de-4795-a743-5ddfcf0fc404" />
      <TestMethod codeBase="c:/users/reza/documents/visual studio 2010/Projects/KataRomanNumerals/KataRomanNumerals.Test/bin/Debug/KataRomanNumerals.Test.DLL" adapterTypeName="Microsoft.VisualStudio.TestTools.TestTypes.Unit.UnitTestAdapter, Microsoft.VisualStudio.QualityTools.Tips.UnitTest.Adapter, Version=10.0.0.0, Culture=neutral, PublicKeyToken=b03f5f7f11d50a3a" className="KataRomanNumerals.Test.NumberToRomanConvertorTests, KataRomanNumerals.Test, Version=1.0.0.0, Culture=neutral, PublicKeyToken=null" name="NumberToRomanConvertor_Returns_Correct_Value_For_Numbers_Lower_Than_3" />
    </UnitTest>
  </TestDefinitions>
  <TestLists>
    <TestList name="Results Not in a List" id="8c84fa94-04c1-424b-9868-57a2d4851a1d" />
    <TestList name="All Loaded Results" id="19431567-8539-422a-85d7-44ee4e166bda" />
  </TestLists>
  <TestEntries>
    <TestEntry testId="873b1e5d-5b44-6564-1a2d-1d3d99d11e05" executionId="6e3722ff-24de-4795-a743-5ddfcf0fc404" testListId="8c84fa94-04c1-424b-9868-57a2d4851a1d" />
  </TestEntries>
  <Results>
    <UnitTestResult executionId="6e3722ff-24de-4795-a743-5ddfcf0fc404" testId="873b1e5d-5b44-6564-1a2d-1d3d99d11e05" testName="NumberToRomanConvertor_Returns_Correct_Value_For_Numbers_Lower_Than_3" computerName="INNOVATION-ST" duration="00:00:00.0769642" startTime="2012-02-28T19:23:58.4591290+00:00" endTime="2012-02-28T19:23:58.8651522+00:00" testType="13cdc9d9-ddb5-4fa4-a97d-d965ccfc6d4b" outcome="Failed" testListId="8c84fa94-04c1-424b-9868-57a2d4851a1d" relativeResultsDirectory="6e3722ff-24de-4795-a743-5ddfcf0fc404">
      <Output>
        <ErrorInfo>
          <Message>Test method KataRomanNumerals.Test.NumberToRomanConvertorTests.NumberToRomanConvertor_Returns_Correct_Value_For_Numbers_Lower_Than_3 threw exception: 
System.NotSupportedException: Specified method is not supported.</Message>
          <StackTrace>    at KataRomanNumerals.Library.NumberToRomanConvertor.GetRomanValue(Int32 number) in c:\users\reza\documents\visual studio 2010\Projects\KataRomanNumerals\KataRomanNumerals.Library\NumberToRomanConvertor.cs:line 14
   at KataRomanNumerals.Test.NumberToRomanConvertorTests.NumberToRomanConvertor_Returns_Correct_Value_For_Numbers_Lower_Than_3() in c:\users\reza\documents\visual studio 2010\Projects\KataRomanNumerals\KataRomanNumerals.Test\NumberToRomanConvertorTests.cs:line 24
</StackTrace>
        </ErrorInfo>
      </Output>
    </UnitTestResult>
  </Results>
</TestRun>